# JRE version: OpenJDK Runtime Environment (8.0_65-b17) (build 1.8.0_65-b17)
# Java VM: OpenJDK 64-Bit Server VM (25.65-b01 mixed mode linux-amd64 compressed oops)
Heap:
 PSYoungGen      total 176640K, used 155344K [0x00000000e6200000, 0x00000000f7a80000, 0x0000000100000000)
  eden space 163328K, 91% used [0x00000000e6200000,0x00000000ef3e3c20,0x00000000f0180000)
  from space 13312K, 44% used [0x00000000f0180000,0x00000000f0750530,0x00000000f0e80000)
  to   space 12800K, 0% used [0x00000000f6e00000,0x00000000f6e00000,0x00000000f7a80000)
 ParOldGen       total 53248K, used 15956K [0x00000000b2600000, 0x00000000b5a00000, 0x00000000e6200000)
  object space 53248K, 29% used [0x00000000b2600000,0x00000000b3595368,0x00000000b5a00000)
 Metaspace       used 15770K, capacity 16166K, committed 16384K, reserved 1062912K
  class space    used 1819K, capacity 1923K, committed 2048K, reserved 1048576K
GC Heap History (10 events):
Event: 133,914 GC heap before
{Heap before GC invocations=5 (full 0):
 PSYoungGen      total 44032K, used 42451K [0x00000000e6200000, 0x00000000e9000000, 0x0000000100000000)
  eden space 40960K, 100% used [0x00000000e6200000,0x00000000e8a00000,0x00000000e8a00000)
  from space 3072K, 48% used [0x00000000e8d00000,0x00000000e8e74d68,0x00000000e9000000)
  to   space 3072K, 0% used [0x00000000e8a00000,0x00000000e8a00000,0x00000000e8d00000)
 ParOldGen       total 53248K, used 8296K [0x00000000b2600000, 0x00000000b5a00000, 0x00000000e6200000)
  object space 53248K, 15% used [0x00000000b2600000,0x00000000b2e1a3a0,0x00000000b5a00000)
 Metaspace       used 15076K, capacity 15394K, committed 15744K, reserved 1062912K
  class space    used 1779K, capacity 1881K, committed 1920K, reserved 1048576K
Event: 133,979 GC heap after
Heap after GC invocations=5 (full 0):
 PSYoungGen      total 44032K, used 3057K [0x00000000e6200000, 0x00000000ecb00000, 0x0000000100000000)
  eden space 40960K, 0% used [0x00000000e6200000,0x00000000e6200000,0x00000000e8a00000)
  from space 3072K, 99% used [0x00000000e8a00000,0x00000000e8cfc680,0x00000000e8d00000)
  to   space 12800K, 0% used [0x00000000ebe80000,0x00000000ebe80000,0x00000000ecb00000)
 ParOldGen       total 53248K, used 14728K [0x00000000b2600000, 0x00000000b5a00000, 0x00000000e6200000)
  object space 53248K, 27% used [0x00000000b2600000,0x00000000b34623a0,0x00000000b5a00000)
 Metaspace       used 15076K, capacity 15394K, committed 15744K, reserved 1062912K
  class space    used 1779K, capacity 1881K, committed 1920K, reserved 1048576K
}
Event: 158,771 GC heap before
{Heap before GC invocations=6 (full 0):
 PSYoungGen      total 44032K, used 44017K [0x00000000e6200000, 0x00000000ecb00000, 0x0000000100000000)
  eden space 40960K, 100% used [0x00000000e6200000,0x00000000e8a00000,0x00000000e8a00000)
  from space 3072K, 99% used [0x00000000e8a00000,0x00000000e8cfc680,0x00000000e8d00000)
  to   space 12800K, 0% used [0x00000000ebe80000,0x00000000ebe80000,0x00000000ecb00000)
 ParOldGen       total 53248K, used 14728K [0x00000000b2600000, 0x00000000b5a00000, 0x00000000e6200000)
  object space 53248K, 27% used [0x00000000b2600000,0x00000000b34623a0,0x00000000b5a00000)
 Metaspace       used 15217K, capacity 15588K, committed 15744K, reserved 1062912K
  class space    used 1780K, capacity 1883K, committed 1920K, reserved 1048576K
Event: 158,826 GC heap after
Heap after GC invocations=6 (full 0):
 PSYoungGen      total 93696K, used 3875K [0x00000000e6200000, 0x00000000eca00000, 0x0000000100000000)
  eden space 81920K, 0% used [0x00000000e6200000,0x00000000e6200000,0x00000000eb200000)
  from space 11776K, 32% used [0x00000000ebe80000,0x00000000ec248fe0,0x00000000eca00000)
  to   space 12288K, 0% used [0x00000000eb200000,0x00000000eb200000,0x00000000ebe00000)
 ParOldGen       total 53248K, used 14728K [0x00000000b2600000, 0x00000000b5a00000, 0x00000000e6200000)
  object space 53248K, 27% used [0x00000000b2600000,0x00000000b34623a0,0x00000000b5a00000)
 Metaspace       used 15217K, capacity 15588K, committed 15744K, reserved 1062912K
  class space    used 1780K, capacity 1883K, committed 1920K, reserved 1048576K
}
Event: 159,465 GC heap before
{Heap before GC invocations=7 (full 0):
 PSYoungGen      total 93696K, used 85795K [0x00000000e6200000, 0x00000000eca00000, 0x0000000100000000)
  eden space 81920K, 100% used [0x00000000e6200000,0x00000000eb200000,0x00000000eb200000)
  from space 11776K, 32% used [0x00000000ebe80000,0x00000000ec248fe0,0x00000000eca00000)
  to   space 12288K, 0% used [0x00000000eb200000,0x00000000eb200000,0x00000000ebe00000)
 ParOldGen       total 53248K, used 14728K [0x00000000b2600000, 0x00000000b5a00000, 0x00000000e6200000)
  object space 53248K, 27% used [0x00000000b2600000,0x00000000b34623a0,0x00000000b5a00000)
 Metaspace       used 15277K, capacity 15588K, committed 15744K, reserved 1062912K
  class space    used 1782K, capacity 1883K, committed 1920K, reserved 1048576K
Event: 159,511 GC heap after
Heap after GC invocations=7 (full 0):
 PSYoungGen      total 94208K, used 8433K [0x00000000e6200000, 0x00000000f1b00000, 0x0000000100000000)
  eden space 81920K, 0% used [0x00000000e6200000,0x00000000e6200000,0x00000000eb200000)
  from space 12288K, 68% used [0x00000000eb200000,0x00000000eba3c680,0x00000000ebe00000)
  to   space 12800K, 0% used [0x00000000f0e80000,0x00000000f0e80000,0x00000000f1b00000)
 ParOldGen       total 53248K, used 15877K [0x00000000b2600000, 0x00000000b5a00000, 0x00000000e6200000)
  object space 53248K, 29% used [0x00000000b2600000,0x00000000b3581708,0x00000000b5a00000)
 Metaspace       used 15277K, capacity 15588K, committed 15744K, reserved 1062912K
  class space    used 1782K, capacity 1883K, committed 1920K, reserved 1048576K
}
Event: 1387,804 GC heap before
{Heap before GC invocations=8 (full 0):
 PSYoungGen      total 94208K, used 90353K [0x00000000e6200000, 0x00000000f1b00000, 0x0000000100000000)
  eden space 81920K, 100% used [0x00000000e6200000,0x00000000eb200000,0x00000000eb200000)
  from space 12288K, 68% used [0x00000000eb200000,0x00000000eba3c680,0x00000000ebe00000)
  to   space 12800K, 0% used [0x00000000f0e80000,0x00000000f0e80000,0x00000000f1b00000)
 ParOldGen       total 53248K, used 15877K [0x00000000b2600000, 0x00000000b5a00000, 0x00000000e6200000)
  object space 53248K, 29% used [0x00000000b2600000,0x00000000b3581708,0x00000000b5a00000)
 Metaspace       used 15434K, capacity 15806K, committed 16000K, reserved 1062912K
  class space    used 1787K, capacity 1888K, committed 1920K, reserved 1048576K
Event: 1387,807 GC heap after
Heap after GC invocations=8 (full 0):
 PSYoungGen      total 176128K, used 192K [0x00000000e6200000, 0x00000000f1c00000, 0x0000000100000000)
  eden space 163328K, 0% used [0x00000000e6200000,0x00000000e6200000,0x00000000f0180000)
  from space 12800K, 1% used [0x00000000f0e80000,0x00000000f0eb0000,0x00000000f1b00000)
  to   space 13312K, 0% used [0x00000000f0180000,0x00000000f0180000,0x00000000f0e80000)
 ParOldGen       total 53248K, used 15940K [0x00000000b2600000, 0x00000000b5a00000, 0x00000000e6200000)
  object space 53248K, 29% used [0x00000000b2600000,0x00000000b3591368,0x00000000b5a00000)
 Metaspace       used 15434K, capacity 15806K, committed 16000K, reserved 1062912K
  class space    used 1787K, capacity 1888K, committed 1920K, reserved 1048576K
}
Event: 1433,956 GC heap before
{Heap before GC invocations=9 (full 0):
 PSYoungGen      total 176128K, used 163165K [0x00000000e6200000, 0x00000000f1c00000, 0x0000000100000000)
  eden space 163328K, 99% used [0x00000000e6200000,0x00000000f0127628,0x00000000f0180000)
  from space 12800K, 1% used [0x00000000f0e80000,0x00000000f0eb0000,0x00000000f1b00000)
  to   space 13312K, 0% used [0x00000000f0180000,0x00000000f0180000,0x00000000f0e80000)
 ParOldGen       total 53248K, used 15940K [0x00000000b2600000, 0x00000000b5a00000, 0x00000000e6200000)
  object space 53248K, 29% used [0x00000000b2600000,0x00000000b3591368,0x00000000b5a00000)
 Metaspace       used 15688K, capacity 16096K, committed 16384K, reserved 1062912K
  class space    used 1817K, capacity 1922K, committed 2048K, reserved 1048576K
Event: 1433,978 GC heap after
Heap after GC invocations=9 (full 0):
 PSYoungGen      total 176640K, used 5953K [0x00000000e6200000, 0x00000000f7a80000, 0x0000000100000000)
  eden space 163328K, 0% used [0x00000000e6200000,0x00000000e6200000,0x00000000f0180000)
  from space 13312K, 44% used [0x00000000f0180000,0x00000000f0750530,0x00000000f0e80000)
  to   space 12800K, 0% used [0x00000000f6e00000,0x00000000f6e00000,0x00000000f7a80000)
 ParOldGen       total 53248K, used 15956K [0x00000000b2600000, 0x00000000b5a00000, 0x00000000e6200000)
  object space 53248K, 29% used [0x00000000b2600000,0x00000000b3595368,0x00000000b5a00000)
 Metaspace       used 15688K, capacity 16096K, committed 16384K, reserved 1062912K
  class space    used 1817K, capacity 1922K, committed 2048K, reserved 1048576K
}

